{
  "stats": {
    "suites": 12,
    "tests": 41,
    "passes": 17,
    "pending": 0,
    "failures": 24,
    "start": "2022-08-02T22:24:46.403Z",
    "end": "2022-08-02T22:26:14.281Z",
    "duration": 87878,
    "testsRegistered": 41,
    "passPercent": 41.46341463414634,
    "pendingPercent": 0,
    "other": 0,
    "hasOther": false,
    "skipped": 0,
    "hasSkipped": false
  },
  "results": [
    {
      "uuid": "31d93df6-07bf-4adf-ab06-92233f9da0a3",
      "title": "",
      "fullFile": "cypress/integration/project.spec.js",
      "file": "cypress/integration/project.spec.js",
      "beforeHooks": [],
      "afterHooks": [],
      "tests": [],
      "suites": [
        {
          "uuid": "3fc903e7-f157-4825-84ff-bd51ee2f156c",
          "title": "1 - Adicione à página o título \"Paleta de Cores\"",
          "fullFile": "",
          "file": "",
          "beforeHooks": [],
          "afterHooks": [],
          "tests": [
            {
              "title": "Verifica se contém um elemento `h1` com o id `title` com o título correto",
              "fullTitle": "1 - Adicione à página o título \"Paleta de Cores\" Verifica se contém um elemento `h1` com o id `title` com o título correto",
              "timedOut": null,
              "duration": 105,
              "state": "passed",
              "speed": "slow",
              "pass": true,
              "fail": false,
              "pending": false,
              "context": null,
              "code": "cy.get('h1#title').should('contain.text', 'Paleta de Cores');",
              "err": {},
              "uuid": "a7108fe1-c01e-4459-ab73-c7f322be1f5d",
              "parentUUID": "3fc903e7-f157-4825-84ff-bd51ee2f156c",
              "isHook": false,
              "skipped": false
            }
          ],
          "suites": [],
          "passes": [
            "a7108fe1-c01e-4459-ab73-c7f322be1f5d"
          ],
          "failures": [],
          "pending": [],
          "skipped": [],
          "duration": 105,
          "root": false,
          "rootEmpty": false,
          "_timeout": 2000
        },
        {
          "uuid": "f1289bd3-d999-4227-9968-02313f4c74c2",
          "title": "2 - Adicione à página uma paleta contendo quatro cores distintas",
          "fullFile": "",
          "file": "",
          "beforeHooks": [],
          "afterHooks": [],
          "tests": [
            {
              "title": "A paleta de cores deve ser um elemento com `id` denominado `color-palette` e ter mais de 0px de altura e de largura.",
              "fullTitle": "2 - Adicione à página uma paleta contendo quatro cores distintas A paleta de cores deve ser um elemento com `id` denominado `color-palette` e ter mais de 0px de altura e de largura.",
              "timedOut": null,
              "duration": 51,
              "state": "passed",
              "speed": "medium",
              "pass": true,
              "fail": false,
              "pending": false,
              "context": null,
              "code": "cy.get('#color-palette').should('be.visible');\ncy.get('#color-palette').children('.color');",
              "err": {},
              "uuid": "f563d5d7-19ec-4574-a304-6e217a45ccec",
              "parentUUID": "f1289bd3-d999-4227-9968-02313f4c74c2",
              "isHook": false,
              "skipped": false
            },
            {
              "title": "Verifica se cada cor individual da paleta de cores possui a `classe` chamada `color`.",
              "fullTitle": "2 - Adicione à página uma paleta contendo quatro cores distintas Verifica se cada cor individual da paleta de cores possui a `classe` chamada `color`.",
              "timedOut": null,
              "duration": 103,
              "state": "passed",
              "speed": "slow",
              "pass": true,
              "fail": false,
              "pending": false,
              "context": null,
              "code": "cy.get('.color').should('have.length', 4).then(function (colors) {\n  for (var i = 0; i < colors.length; i++) {\n    cy.wrap(colors[i]).should('be.visible');\n  }\n});",
              "err": {},
              "uuid": "898924c4-4193-4c8a-8936-ed45478e6fec",
              "parentUUID": "f1289bd3-d999-4227-9968-02313f4c74c2",
              "isHook": false,
              "skipped": false
            },
            {
              "title": "Verifica se a cor de fundo de cada elemento da paleta é a cor que o elemento representa. **A única cor não permitida na paleta é a cor branca.**",
              "fullTitle": "2 - Adicione à página uma paleta contendo quatro cores distintas Verifica se a cor de fundo de cada elemento da paleta é a cor que o elemento representa. **A única cor não permitida na paleta é a cor branca.**",
              "timedOut": null,
              "duration": 85,
              "state": "passed",
              "speed": "slow",
              "pass": true,
              "fail": false,
              "pending": false,
              "context": null,
              "code": "cy.get('.color').each(function (color) {\n  cy.wrap(color).should('have.class', 'color').and('not.have.css', 'background-color', WHITE);\n  cy.wrap(color).should('have.css', 'background-color');\n});",
              "err": {},
              "uuid": "da0620e2-674c-4703-bade-26b506e1d9b5",
              "parentUUID": "f1289bd3-d999-4227-9968-02313f4c74c2",
              "isHook": false,
              "skipped": false
            },
            {
              "title": "Verifica se cada elemento da paleta de cores tem uma borda preta, sólida e com 1 pixel de largura;",
              "fullTitle": "2 - Adicione à página uma paleta contendo quatro cores distintas Verifica se cada elemento da paleta de cores tem uma borda preta, sólida e com 1 pixel de largura;",
              "timedOut": null,
              "duration": 64,
              "state": "passed",
              "speed": "medium",
              "pass": true,
              "fail": false,
              "pending": false,
              "context": null,
              "code": "cy.get('.color').each(function (color) {\n  cy.wrap(color).and('have.css', 'border', \"1px solid \".concat(BLACK)).and('have.class', 'color');\n});",
              "err": {},
              "uuid": "eb91b509-8520-4c7c-a835-de684f707f39",
              "parentUUID": "f1289bd3-d999-4227-9968-02313f4c74c2",
              "isHook": false,
              "skipped": false
            },
            {
              "title": "Verifica se a paleta lista todas as cores disponíveis para utilização, lado a lado.",
              "fullTitle": "2 - Adicione à página uma paleta contendo quatro cores distintas Verifica se a paleta lista todas as cores disponíveis para utilização, lado a lado.",
              "timedOut": null,
              "duration": 68,
              "state": "passed",
              "speed": "medium",
              "pass": true,
              "fail": false,
              "pending": false,
              "context": null,
              "code": "cy.get('.color').then(function (colors) {\n  for (var index = 1; index < colors.length; index += 1) {\n    var currentColor = colors[index];\n    var previousColor = colors[index - 1];\n    cy.wrap(currentColor).should('be.onTheRightOf', previousColor).and('be.horizontallyAlignedWith', previousColor);\n  }\n});",
              "err": {},
              "uuid": "fcc38f2b-f773-4c8a-bd8e-8d7f53d576b5",
              "parentUUID": "f1289bd3-d999-4227-9968-02313f4c74c2",
              "isHook": false,
              "skipped": false
            },
            {
              "title": "Verifica se a paleta de cores está posicionada abaixo do título 'Paleta de Cores'",
              "fullTitle": "2 - Adicione à página uma paleta contendo quatro cores distintas Verifica se a paleta de cores está posicionada abaixo do título 'Paleta de Cores'",
              "timedOut": null,
              "duration": 92,
              "state": "passed",
              "speed": "slow",
              "pass": true,
              "fail": false,
              "pending": false,
              "context": null,
              "code": "cy.get('h1#title').then(function (title) {\n  cy.get('#color-palette').should('be.belowOf', title);\n});",
              "err": {},
              "uuid": "b4ae3169-91e6-4560-b234-4195f8127ae3",
              "parentUUID": "f1289bd3-d999-4227-9968-02313f4c74c2",
              "isHook": false,
              "skipped": false
            },
            {
              "title": "Verifica se a paleta de cores não contém cores repetidas.",
              "fullTitle": "2 - Adicione à página uma paleta contendo quatro cores distintas Verifica se a paleta de cores não contém cores repetidas.",
              "timedOut": null,
              "duration": 65,
              "state": "passed",
              "speed": "medium",
              "pass": true,
              "fail": false,
              "pending": false,
              "context": null,
              "code": "cy.get('.color').then(function (colors) {\n  var allColors = Array.from(colors).map(function (color) {\n    return Cypress.$(color).css('background-color');\n  });\n  cy.log(allColors);\n  var uniqColors = (0, _toConsumableArray2[\"default\"])(new Set(allColors));\n  cy.log(uniqColors);\n  expect(allColors.length).to.eq(uniqColors.length);\n});",
              "err": {},
              "uuid": "8ddaf030-0f70-4719-ac37-8ad03d91f5f6",
              "parentUUID": "f1289bd3-d999-4227-9968-02313f4c74c2",
              "isHook": false,
              "skipped": false
            }
          ],
          "suites": [],
          "passes": [
            "f563d5d7-19ec-4574-a304-6e217a45ccec",
            "898924c4-4193-4c8a-8936-ed45478e6fec",
            "da0620e2-674c-4703-bade-26b506e1d9b5",
            "eb91b509-8520-4c7c-a835-de684f707f39",
            "fcc38f2b-f773-4c8a-bd8e-8d7f53d576b5",
            "b4ae3169-91e6-4560-b234-4195f8127ae3",
            "8ddaf030-0f70-4719-ac37-8ad03d91f5f6"
          ],
          "failures": [],
          "pending": [],
          "skipped": [],
          "duration": 528,
          "root": false,
          "rootEmpty": false,
          "_timeout": 2000
        },
        {
          "uuid": "8de2e1f8-ae06-4e59-9fe2-7ee816c6bc46",
          "title": "3 - Adicione a cor **preta** como a primeira cor da paleta de cores",
          "fullFile": "",
          "file": "",
          "beforeHooks": [],
          "afterHooks": [],
          "tests": [
            {
              "title": "Verifica se a primeira cor da paleta é preta",
              "fullTitle": "3 - Adicione a cor **preta** como a primeira cor da paleta de cores Verifica se a primeira cor da paleta é preta",
              "timedOut": null,
              "duration": 68,
              "state": "passed",
              "speed": "medium",
              "pass": true,
              "fail": false,
              "pending": false,
              "context": null,
              "code": "cy.get('.color').first().should('have.css', 'background-color', BLACK);",
              "err": {},
              "uuid": "8ec588c8-46a7-44fa-8c03-87566cf66041",
              "parentUUID": "8de2e1f8-ae06-4e59-9fe2-7ee816c6bc46",
              "isHook": false,
              "skipped": false
            },
            {
              "title": "Verifica se as demais cores podem ser escolhidas livremente.",
              "fullTitle": "3 - Adicione a cor **preta** como a primeira cor da paleta de cores Verifica se as demais cores podem ser escolhidas livremente.",
              "timedOut": null,
              "duration": 128,
              "state": "passed",
              "speed": "slow",
              "pass": true,
              "fail": false,
              "pending": false,
              "context": null,
              "code": "cy.get('.color').eq(1).should('not.have.css', 'background-color', BLACK);\ncy.get('.color').eq(1).should('not.have.css', 'background-color', WHITE);\ncy.get('.color').eq(1).should('not.have.css', 'background-color', 'rgba(0, 0, 0, 0)');\ncy.get('.color').eq(1).should('have.css', 'background-color');\ncy.get('.color').eq(2).should('not.have.css', 'background-color', BLACK);\ncy.get('.color').eq(2).should('not.have.css', 'background-color', WHITE);\ncy.get('.color').eq(2).should('not.have.css', 'background-color', 'rgba(0, 0, 0, 0)');\ncy.get('.color').eq(2).should('have.css', 'background-color');\ncy.get('.color').eq(3).should('not.have.css', 'background-color', BLACK);\ncy.get('.color').eq(3).should('not.have.css', 'background-color', WHITE);\ncy.get('.color').eq(3).should('not.have.css', 'background-color', 'rgba(0, 0, 0, 0)');\ncy.get('.color').eq(3).should('have.css', 'background-color');",
              "err": {},
              "uuid": "08c6b4ef-a904-460a-9551-bbeb851da169",
              "parentUUID": "8de2e1f8-ae06-4e59-9fe2-7ee816c6bc46",
              "isHook": false,
              "skipped": false
            }
          ],
          "suites": [],
          "passes": [
            "8ec588c8-46a7-44fa-8c03-87566cf66041",
            "08c6b4ef-a904-460a-9551-bbeb851da169"
          ],
          "failures": [],
          "pending": [],
          "skipped": [],
          "duration": 196,
          "root": false,
          "rootEmpty": false,
          "_timeout": 2000
        },
        {
          "uuid": "1c16e0a7-8189-467b-b55a-84ab2139ed71",
          "title": "4 - Adicione à página um quadro contendo 25 pixels",
          "fullFile": "",
          "file": "",
          "beforeHooks": [],
          "afterHooks": [],
          "tests": [
            {
              "title": "Verifica se o quadro de pixels possui o `id` denominado `pixel-board`",
              "fullTitle": "4 - Adicione à página um quadro contendo 25 pixels Verifica se o quadro de pixels possui o `id` denominado `pixel-board`",
              "timedOut": null,
              "duration": 45,
              "state": "passed",
              "speed": "medium",
              "pass": true,
              "fail": false,
              "pending": false,
              "context": null,
              "code": "cy.get('#pixel-board').should('be.visible');",
              "err": {},
              "uuid": "83671435-4599-4a55-88d9-c9617c95d7f9",
              "parentUUID": "1c16e0a7-8189-467b-b55a-84ab2139ed71",
              "isHook": false,
              "skipped": false
            },
            {
              "title": "Verifica se cada pixel individual dentro do quadro possui a `classe` denominada `pixel`.",
              "fullTitle": "4 - Adicione à página um quadro contendo 25 pixels Verifica se cada pixel individual dentro do quadro possui a `classe` denominada `pixel`.",
              "timedOut": null,
              "duration": 91,
              "state": "passed",
              "speed": "slow",
              "pass": true,
              "fail": false,
              "pending": false,
              "context": null,
              "code": "cy.get('.pixel').should('have.length', 25);",
              "err": {},
              "uuid": "9dacd0e6-03e4-4bcf-b5ca-16b75175a78d",
              "parentUUID": "1c16e0a7-8189-467b-b55a-84ab2139ed71",
              "isHook": false,
              "skipped": false
            },
            {
              "title": "Verifica se a cor inicial dos pixels dentro do quadro, ao abrir a página, é branca.",
              "fullTitle": "4 - Adicione à página um quadro contendo 25 pixels Verifica se a cor inicial dos pixels dentro do quadro, ao abrir a página, é branca.",
              "timedOut": null,
              "duration": 110,
              "state": "passed",
              "speed": "slow",
              "pass": true,
              "fail": false,
              "pending": false,
              "context": null,
              "code": "cy.get('.pixel').should('have.length', 25).each(function (pixel) {\n  expect(pixel).to.have.css('background-color', WHITE);\n});",
              "err": {},
              "uuid": "166ba0f4-7d40-428f-bd74-981b20bf3585",
              "parentUUID": "1c16e0a7-8189-467b-b55a-84ab2139ed71",
              "isHook": false,
              "skipped": false
            },
            {
              "title": "Verifica se o quadro de pixels aparece abaixo da paleta de cores",
              "fullTitle": "4 - Adicione à página um quadro contendo 25 pixels Verifica se o quadro de pixels aparece abaixo da paleta de cores",
              "timedOut": null,
              "duration": 49,
              "state": "passed",
              "speed": "medium",
              "pass": true,
              "fail": false,
              "pending": false,
              "context": null,
              "code": "cy.get('#color-palette').then(function (palette) {\n  cy.get('#pixel-board').should('be.belowOf', palette);\n});",
              "err": {},
              "uuid": "99ea49da-89ae-4aff-8029-52d571a3231a",
              "parentUUID": "1c16e0a7-8189-467b-b55a-84ab2139ed71",
              "isHook": false,
              "skipped": false
            }
          ],
          "suites": [],
          "passes": [
            "83671435-4599-4a55-88d9-c9617c95d7f9",
            "9dacd0e6-03e4-4bcf-b5ca-16b75175a78d",
            "166ba0f4-7d40-428f-bd74-981b20bf3585",
            "99ea49da-89ae-4aff-8029-52d571a3231a"
          ],
          "failures": [],
          "pending": [],
          "skipped": [],
          "duration": 295,
          "root": false,
          "rootEmpty": false,
          "_timeout": 2000
        },
        {
          "uuid": "63f6e157-7958-4346-b4b4-934f3339aebc",
          "title": "5 - Faça com que cada elemento do quadro de pixels possua 40 pixels de largura, 40 pixels de altura e seja delimitado por uma borda preta de 1 pixel",
          "fullFile": "",
          "file": "",
          "beforeHooks": [],
          "afterHooks": [],
          "tests": [
            {
              "title": "Verifica se o quadro de pixels tem altura e comprimento de 5 elementos",
              "fullTitle": "5 - Faça com que cada elemento do quadro de pixels possua 40 pixels de largura, 40 pixels de altura e seja delimitado por uma borda preta de 1 pixel Verifica se o quadro de pixels tem altura e comprimento de 5 elementos",
              "timedOut": null,
              "duration": 315,
              "state": "failed",
              "speed": null,
              "pass": false,
              "fail": true,
              "pending": false,
              "context": null,
              "code": "cy.get('.pixel').should('have.length', 25).each(function (pixel) {\n  expect(pixel).to.have.css('background-color', WHITE);\n}).and(function (pixels) {\n  var rows = chunk(pixels, 5);\n  rows.forEach(function (row) {\n    for (var index = 1; index < row.length; index += 1) {\n      var current = pixels[index];\n      var previous = pixels[index - 1];\n      cy.wrap(current).should('be.onTheRightOf', previous).and('be.horizontallyAlignedWith', previous);\n    }\n  });\n  for (var index = 1; index < 5; index += 1) {\n    expect(pixels[index * 5]).to.be.belowOf(pixels[(index - 1) * 5]);\n  }\n});",
              "err": {
                "message": "AssertionError: expected '<div.pixel>' to be below of <div class=\"pixel\"></div>",
                "estack": "AssertionError: expected '<div.pixel>' to be below of <div class=\"pixel\"></div>\n    at http://localhost:37359/__cypress/runner/cypress_runner.js:136161:17\n    at tryCatcher (http://localhost:37359/__cypress/runner/cypress_runner.js:167415:23)\n    at Function.Promise.attempt.Promise.try (http://localhost:37359/__cypress/runner/cypress_runner.js:164690:29)\n    at Context.shouldFnWithCallback (http://localhost:37359/__cypress/runner/cypress_runner.js:136158:23)\n    at Context.shouldFn (http://localhost:37359/__cypress/runner/cypress_runner.js:136167:35)\n    at Context.and (http://localhost:37359/__cypress/runner/cypress_runner.js:136265:23)\n    at Context.<anonymous> (http://localhost:37359/__cypress/runner/cypress_runner.js:148875:21)\n    at http://localhost:37359/__cypress/runner/cypress_runner.js:148351:33\n    at tryCatcher (http://localhost:37359/__cypress/runner/cypress_runner.js:167415:23)\n    at Promise._settlePromiseFromHandler (http://localhost:37359/__cypress/runner/cypress_runner.js:165351:31)\n    at Promise._settlePromise (http://localhost:37359/__cypress/runner/cypress_runner.js:165408:18)\n    at Promise._settlePromiseCtx (http://localhost:37359/__cypress/runner/cypress_runner.js:165445:10)\n    at Async../node_modules/bluebird/js/release/async.js.Async._drainQueue (http://localhost:37359/__cypress/runner/cypress_runner.js:162145:12)\n    at Async../node_modules/bluebird/js/release/async.js.Async._drainQueues (http://localhost:37359/__cypress/runner/cypress_runner.js:162150:10)\n    at Async.drainQueues (http://localhost:37359/__cypress/runner/cypress_runner.js:162024:14)",
                "diff": ""
              },
              "uuid": "945fa5b8-a158-4fad-8e35-8fc9424f007f",
              "parentUUID": "63f6e157-7958-4346-b4b4-934f3339aebc",
              "isHook": false,
              "skipped": false
            },
            {
              "title": "Verifica se 40 pixels é o tamanho total do elemento, incluindo seu conteúdo e excluindo a borda preta, que deve ser criada à parte.",
              "fullTitle": "5 - Faça com que cada elemento do quadro de pixels possua 40 pixels de largura, 40 pixels de altura e seja delimitado por uma borda preta de 1 pixel Verifica se 40 pixels é o tamanho total do elemento, incluindo seu conteúdo e excluindo a borda preta, que deve ser criada à parte.",
              "timedOut": null,
              "duration": 209,
              "state": "passed",
              "speed": "slow",
              "pass": true,
              "fail": false,
              "pending": false,
              "context": null,
              "code": "cy.get('.pixel').each(function (pixel) {\n  cy.wrap(pixel).should('have.css', 'height', '40px').and('have.css', 'width', '40px').and('have.css', 'border', \"1px solid \".concat(BLACK));\n});",
              "err": {},
              "uuid": "07051b0b-ad92-48db-bbb9-d95f799d856c",
              "parentUUID": "63f6e157-7958-4346-b4b4-934f3339aebc",
              "isHook": false,
              "skipped": false
            }
          ],
          "suites": [],
          "passes": [
            "07051b0b-ad92-48db-bbb9-d95f799d856c"
          ],
          "failures": [
            "945fa5b8-a158-4fad-8e35-8fc9424f007f"
          ],
          "pending": [],
          "skipped": [],
          "duration": 524,
          "root": false,
          "rootEmpty": false,
          "_timeout": 2000
        },
        {
          "uuid": "6b0ed803-2edf-4b4e-8681-c64649fcf440",
          "title": "6 - Defina a cor preta como cor inicial da paleta de cores. Ao carregar a página a cor preta já deve estar selecionada para pintar os pixels",
          "fullFile": "",
          "file": "",
          "beforeHooks": [],
          "afterHooks": [],
          "tests": [
            {
              "title": "Verifica se o elemento da cor preta possui, inicialmente, a `classe` `selected`",
              "fullTitle": "6 - Defina a cor preta como cor inicial da paleta de cores. Ao carregar a página a cor preta já deve estar selecionada para pintar os pixels Verifica se o elemento da cor preta possui, inicialmente, a `classe` `selected`",
              "timedOut": null,
              "duration": 56,
              "state": "passed",
              "speed": "medium",
              "pass": true,
              "fail": false,
              "pending": false,
              "context": null,
              "code": "cy.get('.selected').first().should('have.css', 'background-color', BLACK);",
              "err": {},
              "uuid": "a38b05e0-db39-44b4-b3e8-2aaad64eed8d",
              "parentUUID": "6b0ed803-2edf-4b4e-8681-c64649fcf440",
              "isHook": false,
              "skipped": false
            },
            {
              "title": "Verifica se nenhuma outra cor da paleta tem a `classe` `selected`",
              "fullTitle": "6 - Defina a cor preta como cor inicial da paleta de cores. Ao carregar a página a cor preta já deve estar selecionada para pintar os pixels Verifica se nenhuma outra cor da paleta tem a `classe` `selected`",
              "timedOut": null,
              "duration": 71,
              "state": "passed",
              "speed": "medium",
              "pass": true,
              "fail": false,
              "pending": false,
              "context": null,
              "code": "cy.get('.color:not(:first-child)').each(function (color) {\n  cy.wrap(color).should('not.have.class', 'selected');\n});",
              "err": {},
              "uuid": "540a492b-a405-4479-bec4-b2088aabe385",
              "parentUUID": "6b0ed803-2edf-4b4e-8681-c64649fcf440",
              "isHook": false,
              "skipped": false
            }
          ],
          "suites": [],
          "passes": [
            "a38b05e0-db39-44b4-b3e8-2aaad64eed8d",
            "540a492b-a405-4479-bec4-b2088aabe385"
          ],
          "failures": [],
          "pending": [],
          "skipped": [],
          "duration": 127,
          "root": false,
          "rootEmpty": false,
          "_timeout": 2000
        },
        {
          "uuid": "6a3ff88a-27d8-4bed-8ab6-4619bba67667",
          "title": "7 - Crie uma função para selecionar uma cor na paleta de cores e preencher os pixels no quadro",
          "fullFile": "",
          "file": "",
          "beforeHooks": [],
          "afterHooks": [],
          "tests": [
            {
              "title": "Verifica se somente uma cor da paleta de cores tem a classe `selected` de cada vez",
              "fullTitle": "7 - Crie uma função para selecionar uma cor na paleta de cores e preencher os pixels no quadro Verifica se somente uma cor da paleta de cores tem a classe `selected` de cada vez",
              "timedOut": null,
              "duration": 351,
              "state": "failed",
              "speed": null,
              "pass": false,
              "fail": true,
              "pending": false,
              "context": null,
              "code": "cy.get('.color').each(function (selectedColor, selectedColorIndex) {\n  cy.wrap(selectedColor).click();\n  cy.get('.color').each(function (color, colorIndex) {\n    if (colorIndex === selectedColorIndex) {\n      expect(color).to.have[\"class\"]('selected');\n    } else {\n      expect(color).not.to.have[\"class\"]('selected');\n    }\n  });\n});",
              "err": {
                "message": "AssertionError: expected '<div.color.selected>' not to have class 'selected'",
                "estack": "AssertionError: expected '<div.color.selected>' not to have class 'selected'\n    at callback (http://localhost:37359/__cypress/runner/cypress_runner.js:136947:20)\n    at getRet (http://localhost:37359/__cypress/runner/cypress_runner.js:136585:16)\n    at tryCatcher (http://localhost:37359/__cypress/runner/cypress_runner.js:167415:23)\n    at Function.Promise.attempt.Promise.try (http://localhost:37359/__cypress/runner/cypress_runner.js:164690:29)\n    at thenFn (http://localhost:37359/__cypress/runner/cypress_runner.js:136599:23)\n    at yieldItem (http://localhost:37359/__cypress/runner/cypress_runner.js:136954:16)\n    at tryCatcher (http://localhost:37359/__cypress/runner/cypress_runner.js:167415:23)\n    at Object.gotValue (http://localhost:37359/__cypress/runner/cypress_runner.js:166557:18)\n    at Object.gotAccum (http://localhost:37359/__cypress/runner/cypress_runner.js:166546:25)\n    at Object.tryCatcher (http://localhost:37359/__cypress/runner/cypress_runner.js:167415:23)\n    at Promise._settlePromiseFromHandler (http://localhost:37359/__cypress/runner/cypress_runner.js:165351:31)\n    at Promise._settlePromise (http://localhost:37359/__cypress/runner/cypress_runner.js:165408:18)\n    at Promise._settlePromiseCtx (http://localhost:37359/__cypress/runner/cypress_runner.js:165445:10)\n    at Async../node_modules/bluebird/js/release/async.js.Async._drainQueue (http://localhost:37359/__cypress/runner/cypress_runner.js:162145:12)\n    at Async../node_modules/bluebird/js/release/async.js.Async._drainQueues (http://localhost:37359/__cypress/runner/cypress_runner.js:162150:10)\n    at Async.drainQueues (http://localhost:37359/__cypress/runner/cypress_runner.js:162024:14)",
                "diff": "- { '0': <div class=\"color selected\" style=\"background-color: black;\"></div>,\n-   length: 1,\n-   jquery: '3.1.1',\n-   constructor: \n-    { [Function: jQuery]\n-      fn: \n-       { jquery: '3.1.1',\n-         constructor: [Circular],\n-         length: 0,\n-         toArray: [Function: toArray],\n-         get: [Function: get],\n-         pushStack: [Function: pushStack],\n-         each: [Function: each],\n-         map: [Function: map],\n-         slice: [Function: slice],\n-         first: [Function: first],\n-         last: [Function: last],\n-         eq: [Function: eq],\n-         end: [Function: end],\n-         push: [Function: push],\n-         sort: [Function: sort],\n-         splice: [Function: splice],\n-         extend: [Function],\n-         find: [Function: find],\n-         filter: [Function: filter],\n-         not: [Function: not],\n-         is: [Function: is],\n-         init: [Function],\n-         has: [Function: has],\n-         closest: [Function: closest],\n-         index: [Function: index],\n-         add: [Function: add],\n-         addBack: [Function: addBack],\n-         parent: [Function],\n-         parents: [Function],\n-         parentsUntil: [Function],\n-         next: [Function],\n-         prev: [Function],\n-         nextAll: [Function],\n-         prevAll: [Function],\n-         nextUntil: [Function],\n-         prevUntil: [Function],\n-         siblings: [Function],\n-         children: [Function],\n-         contents: [Function],\n-         ready: [Function],\n-         data: [Function: data],\n-         removeData: [Function: removeData],\n-         queue: [Function: queue],\n-         dequeue: [Function: dequeue],\n-         clearQueue: [Function: clearQueue],\n-         promise: [Function: promise],\n-         show: [Function],\n-         hide: [Function],\n-         toggle: [Function],\n-         on: [Function: on],\n-         one: [Function: one],\n-         off: [Function: off],\n-         detach: [Function: detach],\n-         remove: [Function: remove],\n-         text: [Function: text],\n-         append: [Function: append],\n-         prepend: [Function: prepend],\n-         before: [Function: before],\n-         after: [Function: after],\n-         empty: [Function: empty],\n-         clone: [Function: clone],\n-         html: [Function: html],\n-         replaceWith: [Function: replaceWith],\n-         appendTo: [Function],\n-         prependTo: [Function],\n-         insertBefore: [Function],\n-         insertAfter: [Function],\n-         replaceAll: [Function],\n-         css: [Function: css],\n-         fadeTo: [Function: fadeTo],\n-         animate: [Function: animate],\n-         stop: [Function: stop],\n-         finish: [Function: finish],\n-         slideDown: [Function],\n-         slideUp: [Function],\n-         slideToggle: [Function],\n-         fadeIn: [Function],\n-         fadeOut: [Function],\n-         fadeToggle: [Function],\n-         delay: [Function],\n-         attr: [Function: attr],\n-         removeAttr: [Function: removeAttr],\n-         prop: [Function: prop],\n-         removeProp: [Function: removeProp],\n-         addClass: [Function: addClass],\n-         removeClass: [Function: removeClass],\n-         toggleClass: [Function: toggleClass],\n-         hasClass: [Function: hasClass],\n-         val: [Function: val],\n-         trigger: [Function: trigger],\n-         triggerHandler: [Function: triggerHandler],\n-         blur: [Function],\n-         focus: [Function],\n-         focusin: [Function],\n-         focusout: [Function],\n-         resize: [Function],\n-         scroll: [Function],\n-         click: [Function],\n-         dblclick: [Function],\n-         mousedown: [Function],\n-         mouseup: [Function],\n-         mousemove: [Function],\n-         mouseover: [Function],\n-         mouseout: [Function],\n-         mouseenter: [Function],\n-         mouseleave: [Function],\n-         change: [Function],\n-         select: [Function],\n-         submit: [Function],\n-         keydown: [Function],\n-         keypress: [Function],\n-         keyup: [Function],\n-         contextmenu: [Function],\n-         hover: [Function: hover],\n-         serialize: [Function: serialize],\n-         serializeArray: [Function: serializeArray],\n-         wrapAll: [Function: wrapAll],\n-         wrapInner: [Function: wrapInner],\n-         wrap: [Function: wrap],\n-         unwrap: [Function: unwrap],\n-         load: [Function],\n-         ajaxStart: [Function],\n-         ajaxStop: [Function],\n-         ajaxComplete: [Function],\n-         ajaxError: [Function],\n-         ajaxSuccess: [Function],\n-         ajaxSend: [Function],\n-         offset: [Function: offset],\n-         position: [Function: position],\n-         offsetParent: [Function: offsetParent],\n-         scrollLeft: [Function],\n-         scrollTop: [Function],\n-         innerHeight: [Function],\n-         height: [Function],\n-         outerHeight: [Function],\n-         innerWidth: [Function],\n-         width: [Function],\n-         outerWidth: [Function],\n-         bind: [Function: bind],\n-         unbind: [Function: unbind],\n-         delegate: [Function: delegate],\n-         undelegate: [Function: undelegate],\n-         scrollTo: [Function] },\n-      extend: [Function],\n-      expando: 'jQuery31104451375736027747',\n-      isReady: true,\n-      error: [Function: error],\n-      noop: [Function: noop],\n-      isFunction: [Function: isFunction],\n-      isArray: [Function: isArray],\n-      isWindow: [Function: isWindow],\n-      isNumeric: [Function: isNumeric],\n-      isPlainObject: [Function: isPlainObject],\n-      isEmptyObject: [Function: isEmptyObject],\n-      type: [Function: type],\n-      globalEval: [Function: globalEval],\n-      camelCase: [Function: camelCase],\n-      nodeName: [Function: nodeName],\n-      each: [Function: each],\n-      trim: [Function: trim],\n-      makeArray: [Function: makeArray],\n-      inArray: [Function: inArray],\n-      merge: [Function: merge],\n-      grep: [Function: grep],\n-      map: [Function: map],\n-      guid: 7,\n-      proxy: [Function: proxy],\n-      now: [Function: now],\n-      support: \n-       { checkClone: true,\n-         noCloneChecked: true,\n-         clearCloneStyle: true,\n-         pixelPosition: [Function: pixelPosition],\n-         boxSizingReliable: [Function: boxSizingReliable],\n-         pixelMarginRight: [Function: pixelMarginRight],\n-         reliableMarginLeft: [Function: reliableMarginLeft],\n-         checkOn: true,\n-         optSelected: true,\n-         radioValue: true,\n-         focusin: false,\n-         cors: true,\n-         ajax: true,\n-         createHTMLDocument: true },\n-      find: \n-       { [Function: Sizzle]\n-         support: [Object],\n-         isXML: [Function],\n-         setDocument: [Function],\n-         matches: [Function],\n-         matchesSelector: [Function],\n-         contains: [Function],\n-         attr: [Function],\n-         escape: [Function],\n-         error: [Function],\n-         uniqueSort: [Function],\n-         getText: [Function],\n-         selectors: [Object],\n-         tokenize: [Function],\n-         compile: [Function],\n-         select: [Function] },\n-      expr: \n-       { cacheLength: 1,\n-         createPseudo: [Function: markFunction],\n-         match: [Object],\n-         attrHandle: [Object],\n-         find: [Object],\n-         relative: [Object],\n-         preFilter: [Object],\n-         filter: [Object],\n-         pseudos: [Object],\n-         filters: [Object],\n-         setFilters: [Object],\n-         ':': [Object] },\n-      unique: [Function],\n-      uniqueSort: [Function],\n-      text: [Function],\n-      isXMLDoc: [Function],\n-      contains: [Function],\n-      escapeSelector: [Function],\n-      filter: [Function],\n-      Callbacks: [Function],\n-      Deferred: { [Function: Deferred] exceptionHook: [Function] },\n-      when: [Function: when],\n-      readyException: [Function],\n-      readyWait: 0,\n-      holdReady: [Function: holdReady],\n-      ready: { [Function: ready] then: [Function: then] },\n-      hasData: [Function: hasData],\n-      data: [Function: data],\n-      removeData: [Function: removeData],\n-      _data: [Function: _data],\n-      _removeData: [Function: _removeData],\n-      queue: [Function: queue],\n-      dequeue: [Function: dequeue],\n-      _queueHooks: [Function: _queueHooks],\n-      event: \n-       { global: [Object],\n-         add: [Function: add],\n-         remove: [Function: remove],\n-         dispatch: [Function: dispatch],\n-         handlers: [Function: handlers],\n-         addProp: [Function: addProp],\n-         fix: [Function: fix],\n-         special: [Object],\n-         trigger: [Function: trigger],\n-         simulate: [Function: simulate] },\n-      removeEvent: [Function],\n-      Event: [Function],\n-      htmlPrefilter: [Function: htmlPrefilter],\n-      clone: [Function: clone],\n-      cleanData: [Function: cleanData],\n-      cssHooks: \n-       { opacity: [Object],\n-         height: [Object],\n-         width: [Object],\n-         marginLeft: [Object],\n-         margin: [Object],\n-         padding: [Object],\n-         borderWidth: [Object],\n-         top: [Object],\n-         left: [Object] },\n-      cssNumber: \n-       { animationIterationCount: true,\n-         columnCount: true,\n-         fillOpacity: true,\n-         flexGrow: true,\n-         flexShrink: true,\n-         fontWeight: true,\n-         lineHeight: true,\n-         opacity: true,\n-         order: true,\n-         orphans: true,\n-         widows: true,\n-         zIndex: true,\n-         zoom: true },\n-      cssProps: \n-       { float: 'cssFloat',\n-         width: 'width',\n-         display: 'display',\n-         boxSizing: 'boxSizing',\n-         height: 'height',\n-         overflow: 'overflow',\n-         overflowY: 'overflowY',\n-         overflowX: 'overflowX',\n-         visibility: 'visibility',\n-         position: 'position',\n-         backgroundColor: 'backgroundColor',\n-         border: 'border',\n-         paddingRight: 'paddingRight',\n-         borderRightWidth: 'borderRightWidth',\n-         paddingLeft: 'paddingLeft',\n-         borderLeftWidth: 'borderLeftWidth',\n-         paddingTop: 'paddingTop',\n-         borderTopWidth: 'borderTopWidth',\n-         paddingBottom: 'paddingBottom',\n-         borderBottomWidth: 'borderBottomWidth' },\n-      style: [Function: style],\n-      css: [Function: css],\n-      Tween: { [Function: Tween] propHooks: [Object] },\n-      easing: \n-       { linear: [Function: linear],\n-         swing: [Function: swing],\n-         _default: 'swing' },\n-      fx: \n-       { [Function: init]\n-         step: {},\n-         tick: [Function],\n-         timer: [Function],\n-         interval: 13,\n-         start: [Function],\n-         stop: [Function],\n-         speeds: [Object] },\n-      Animation: \n-       { [Function: Animation]\n-         tweeners: [Object],\n-         tweener: [Function: tweener],\n-         prefilters: [Object],\n-         prefilter: [Function: prefilter] },\n-      speed: [Function],\n-      timers: [],\n-      attr: [Function: attr],\n-      attrHooks: { type: [Object] },\n-      removeAttr: [Function: removeAttr],\n-      prop: [Function: prop],\n-      propHooks: { tabIndex: [Object] },\n-      propFix: \n-       { for: 'htmlFor',\n-         class: 'className',\n-         tabindex: 'tabIndex',\n-         readonly: 'readOnly',\n-         maxlength: 'maxLength',\n-         cellspacing: 'cellSpacing',\n-         cellpadding: 'cellPadding',\n-         rowspan: 'rowSpan',\n-         colspan: 'colSpan',\n-         usemap: 'useMap',\n-         frameborder: 'frameBorder',\n-         contenteditable: 'contentEditable' },\n-      valHooks: \n-       { option: [Object],\n-         select: [Object],\n-         radio: [Object],\n-         checkbox: [Object] },\n-      parseXML: [Function],\n-      param: [Function],\n-      active: 0,\n-      lastModified: {},\n-      etag: {},\n-      ajaxSettings: \n-       { url: 'http://localhost:37359/__/#/tests/integration/project.spec.js',\n-         type: 'GET',\n-         isLocal: false,\n-         global: true,\n-         processData: true,\n-         async: true,\n-         contentType: 'application/x-www-form-urlencoded; charset=UTF-8',\n-         accepts: [Object],\n-         contents: [Object],\n-         responseFields: [Object],\n-         converters: [Object],\n-         flatOptions: [Object],\n-         xhr: [Function],\n-         jsonp: 'callback',\n-         jsonpCallback: [Function: jsonpCallback],\n-         cache: false },\n-      ajaxSetup: [Function: ajaxSetup],\n-      ajaxPrefilter: [Function],\n-      ajaxTransport: [Function],\n-      ajax: [Function: ajax],\n-      getJSON: [Function: getJSON],\n-      getScript: [Function: getScript],\n-      get: [Function],\n-      post: [Function],\n-      _evalUrl: [Function],\n-      parseHTML: [Function],\n-      offset: { setOffset: [Function: setOffset] },\n-      parseJSON: [Function: parse],\n-      noConflict: [Function],\n-      scrollTo: { [Function] defaults: [Object], max: [Function] } },\n-   toArray: [Function: toArray],\n-   get: [Function: get],\n-   pushStack: [Function: pushStack],\n-   each: [Function: each],\n-   map: [Function: map],\n-   slice: [Function: slice],\n-   first: [Function: first],\n-   last: [Function: last],\n-   eq: [Function: eq],\n-   end: [Function: end],\n-   push: [Function: push],\n-   sort: [Function: sort],\n-   splice: [Function: splice],\n-   extend: [Function],\n-   find: [Function: find],\n-   filter: [Function: filter],\n-   not: [Function: not],\n-   is: [Function: is],\n-   init: [Function],\n-   has: [Function: has],\n-   closest: [Function: closest],\n-   index: [Function: index],\n-   add: [Function: add],\n-   addBack: [Function: addBack],\n-   parent: [Function],\n-   parents: [Function],\n-   parentsUntil: [Function],\n-   next: [Function],\n-   prev: [Function],\n-   nextAll: [Function],\n-   prevAll: [Function],\n-   nextUntil: [Function],\n-   prevUntil: [Function],\n-   siblings: [Function],\n-   children: [Function],\n-   contents: [Function],\n-   ready: [Function],\n-   data: [Function: data],\n-   removeData: [Function: removeData],\n-   queue: [Function: queue],\n-   dequeue: [Function: dequeue],\n-   clearQueue: [Function: clearQueue],\n-   promise: [Function: promise],\n-   show: [Function],\n-   hide: [Function],\n-   toggle: [Function],\n-   on: [Function: on],\n-   one: [Function: one],\n-   off: [Function: off],\n-   detach: [Function: detach],\n-   remove: [Function: remove],\n-   text: [Function: text],\n-   append: [Function: append],\n-   prepend: [Function: prepend],\n-   before: [Function: before],\n-   after: [Function: after],\n-   empty: [Function: empty],\n-   clone: [Function: clone],\n-   html: [Function: html],\n-   replaceWith: [Function: replaceWith],\n-   appendTo: [Function],\n-   prependTo: [Function],\n-   insertBefore: [Function],\n-   insertAfter: [Function],\n-   replaceAll: [Function],\n-   css: [Function: css],\n-   fadeTo: [Function: fadeTo],\n-   animate: [Function: animate],\n-   stop: [Function: stop],\n-   finish: [Function: finish],\n-   slideDown: [Function],\n-   slideUp: [Function],\n-   slideToggle: [Function],\n-   fadeIn: [Function],\n-   fadeOut: [Function],\n-   fadeToggle: [Function],\n-   delay: [Function],\n-   attr: [Function: attr],\n-   removeAttr: [Function: removeAttr],\n-   prop: [Function: prop],\n-   removeProp: [Function: removeProp],\n-   addClass: [Function: addClass],\n-   removeClass: [Function: removeClass],\n-   toggleClass: [Function: toggleClass],\n-   hasClass: [Function: hasClass],\n-   val: [Function: val],\n-   trigger: [Function: trigger],\n-   triggerHandler: [Function: triggerHandler],\n-   blur: [Function],\n-   focus: [Function],\n-   focusin: [Function],\n-   focusout: [Function],\n-   resize: [Function],\n-   scroll: [Function],\n-   click: [Function],\n-   dblclick: [Function],\n-   mousedown: [Function],\n-   mouseup: [Function],\n-   mousemove: [Function],\n-   mouseover: [Function],\n-   mouseout: [Function],\n-   mouseenter: [Function],\n-   mouseleave: [Function],\n-   change: [Function],\n-   select: [Function],\n-   submit: [Function],\n-   keydown: [Function],\n-   keypress: [Function],\n-   keyup: [Function],\n-   contextmenu: [Function],\n-   hover: [Function: hover],\n-   serialize: [Function: serialize],\n-   serializeArray: [Function: serializeArray],\n-   wrapAll: [Function: wrapAll],\n-   wrapInner: [Function: wrapInner],\n-   wrap: [Function: wrap],\n-   unwrap: [Function: unwrap],\n-   load: [Function],\n-   ajaxStart: [Function],\n-   ajaxStop: [Function],\n-   ajaxComplete: [Function],\n-   ajaxError: [Function],\n-   ajaxSuccess: [Function],\n-   ajaxSend: [Function],\n-   offset: [Function: offset],\n-   position: [Function: position],\n-   offsetParent: [Function: offsetParent],\n-   scrollLeft: [Function],\n-   scrollTop: [Function],\n-   innerHeight: [Function],\n-   height: [Function],\n-   outerHeight: [Function],\n-   innerWidth: [Function],\n-   width: [Function],\n-   outerWidth: [Function],\n-   bind: [Function: bind],\n-   unbind: [Function: unbind],\n-   delegate: [Function: delegate],\n-   undelegate: [Function: undelegate],\n-   scrollTo: [Function] }\n+ 'selected'\n"
              },
              "uuid": "bb12fd45-c147-4fab-acd6-78b219894519",
              "parentUUID": "6a3ff88a-27d8-4bed-8ab6-4619bba67667",
              "isHook": false,
              "skipped": false
            },
            {
              "title": "Verifica se os pixels dentro do quadro não têm a classe `selected` quando são clicados",
              "fullTitle": "7 - Crie uma função para selecionar uma cor na paleta de cores e preencher os pixels no quadro Verifica se os pixels dentro do quadro não têm a classe `selected` quando são clicados",
              "timedOut": null,
              "duration": 4284,
              "state": "failed",
              "speed": null,
              "pass": false,
              "fail": true,
              "pending": false,
              "context": null,
              "code": "cy.get('.color').each(function (color) {\n  var backgroundColor = color.css('background-color');\n  cy.wrap(color).click();\n  cy.get('.pixel').each(function (pixel) {\n    cy.wrap(pixel).click().should('not.have.class', 'selected');\n  });\n});",
              "err": {
                "message": "CypressError: Timed out retrying: cy.click() failed because this element:\n\n<div class=\"pixel\"></div>\n\nis being covered by another element:\n\n<div class=\"coluna3\">...</div>\n\nFix this problem, or use {force: true} to disable error checking.\n\nhttps://on.cypress.io/element-cannot-be-interacted-with",
                "estack": "CypressError: Timed out retrying: cy.click() failed because this element:\n\n<div class=\"pixel\"></div>\n\nis being covered by another element:\n\n<div class=\"coluna3\">...</div>\n\nFix this problem, or use {force: true} to disable error checking.\n\nhttps://on.cypress.io/element-cannot-be-interacted-with\n    at cypressErr (http://localhost:37359/__cypress/runner/cypress_runner.js:149934:9)\n    at throwErr (http://localhost:37359/__cypress/runner/cypress_runner.js:149867:11)\n    at Object.throwErrByPath (http://localhost:37359/__cypress/runner/cypress_runner.js:149915:3)\n    at Object.retry (http://localhost:37359/__cypress/runner/cypress_runner.js:144197:19)\n    at retryActionability (http://localhost:37359/__cypress/runner/cypress_runner.js:132052:19)\n    at tryCatcher (http://localhost:37359/__cypress/runner/cypress_runner.js:167415:23)\n    at Function.Promise.attempt.Promise.try (http://localhost:37359/__cypress/runner/cypress_runner.js:164690:29)\n    at tryFn (http://localhost:37359/__cypress/runner/cypress_runner.js:144661:21)\n    at whenStable (http://localhost:37359/__cypress/runner/cypress_runner.js:144696:12)\n    at http://localhost:37359/__cypress/runner/cypress_runner.js:144240:16\n    at tryCatcher (http://localhost:37359/__cypress/runner/cypress_runner.js:167415:23)\n    at Promise._settlePromiseFromHandler (http://localhost:37359/__cypress/runner/cypress_runner.js:165351:31)\n    at Promise._settlePromise (http://localhost:37359/__cypress/runner/cypress_runner.js:165408:18)\n    at Promise._settlePromise0 (http://localhost:37359/__cypress/runner/cypress_runner.js:165453:10)\n    at Promise._settlePromises (http://localhost:37359/__cypress/runner/cypress_runner.js:165532:18)\n    at Promise._fulfill (http://localhost:37359/__cypress/runner/cypress_runner.js:165477:18)",
                "diff": null
              },
              "uuid": "fd397501-d893-43d5-aa29-eefdd5052929",
              "parentUUID": "6a3ff88a-27d8-4bed-8ab6-4619bba67667",
              "isHook": false,
              "skipped": false
            }
          ],
          "suites": [],
          "passes": [],
          "failures": [
            "bb12fd45-c147-4fab-acd6-78b219894519",
            "fd397501-d893-43d5-aa29-eefdd5052929"
          ],
          "pending": [],
          "skipped": [],
          "duration": 4635,
          "root": false,
          "rootEmpty": false,
          "_timeout": 2000
        },
        {
          "uuid": "67be6268-38cf-47bc-8126-49107b4b547a",
          "title": "8 - Crie uma função que permita preencher um pixel do quadro com a cor selecionada na paleta de cores",
          "fullFile": "",
          "file": "",
          "beforeHooks": [],
          "afterHooks": [],
          "tests": [
            {
              "title": "Verifica se ao carregar a página deve ser possível pintar os pixels de preto",
              "fullTitle": "8 - Crie uma função que permita preencher um pixel do quadro com a cor selecionada na paleta de cores Verifica se ao carregar a página deve ser possível pintar os pixels de preto",
              "timedOut": null,
              "duration": 4253,
              "state": "failed",
              "speed": null,
              "pass": false,
              "fail": true,
              "pending": false,
              "context": null,
              "code": "cy.get('.pixel').each(function (pixel) {\n  cy.wrap(pixel).click().should('have.css', 'background-color', BLACK);\n});",
              "err": {
                "message": "CypressError: Timed out retrying: cy.click() failed because this element:\n\n<div class=\"pixel\"></div>\n\nis being covered by another element:\n\n<div class=\"coluna3\">...</div>\n\nFix this problem, or use {force: true} to disable error checking.\n\nhttps://on.cypress.io/element-cannot-be-interacted-with",
                "estack": "CypressError: Timed out retrying: cy.click() failed because this element:\n\n<div class=\"pixel\"></div>\n\nis being covered by another element:\n\n<div class=\"coluna3\">...</div>\n\nFix this problem, or use {force: true} to disable error checking.\n\nhttps://on.cypress.io/element-cannot-be-interacted-with\n    at cypressErr (http://localhost:37359/__cypress/runner/cypress_runner.js:149934:9)\n    at throwErr (http://localhost:37359/__cypress/runner/cypress_runner.js:149867:11)\n    at Object.throwErrByPath (http://localhost:37359/__cypress/runner/cypress_runner.js:149915:3)\n    at Object.retry (http://localhost:37359/__cypress/runner/cypress_runner.js:144197:19)\n    at retryActionability (http://localhost:37359/__cypress/runner/cypress_runner.js:132052:19)\n    at tryCatcher (http://localhost:37359/__cypress/runner/cypress_runner.js:167415:23)\n    at Function.Promise.attempt.Promise.try (http://localhost:37359/__cypress/runner/cypress_runner.js:164690:29)\n    at tryFn (http://localhost:37359/__cypress/runner/cypress_runner.js:144661:21)\n    at whenStable (http://localhost:37359/__cypress/runner/cypress_runner.js:144696:12)\n    at http://localhost:37359/__cypress/runner/cypress_runner.js:144240:16\n    at tryCatcher (http://localhost:37359/__cypress/runner/cypress_runner.js:167415:23)\n    at Promise._settlePromiseFromHandler (http://localhost:37359/__cypress/runner/cypress_runner.js:165351:31)\n    at Promise._settlePromise (http://localhost:37359/__cypress/runner/cypress_runner.js:165408:18)\n    at Promise._settlePromise0 (http://localhost:37359/__cypress/runner/cypress_runner.js:165453:10)\n    at Promise._settlePromises (http://localhost:37359/__cypress/runner/cypress_runner.js:165532:18)\n    at Promise._fulfill (http://localhost:37359/__cypress/runner/cypress_runner.js:165477:18)",
                "diff": null
              },
              "uuid": "f0023593-2502-40a0-bb02-ee7bd39e6afc",
              "parentUUID": "67be6268-38cf-47bc-8126-49107b4b547a",
              "isHook": false,
              "skipped": false
            },
            {
              "title": "Verifica se após selecionar uma outra cor na paleta, é possível pintar os pixels com essa cor",
              "fullTitle": "8 - Crie uma função que permita preencher um pixel do quadro com a cor selecionada na paleta de cores Verifica se após selecionar uma outra cor na paleta, é possível pintar os pixels com essa cor",
              "timedOut": null,
              "duration": 4335,
              "state": "failed",
              "speed": null,
              "pass": false,
              "fail": true,
              "pending": false,
              "context": null,
              "code": "cy.get('.color').each(function (color) {\n  var backgroundColor = color.css('background-color');\n  cy.wrap(color).click();\n  cy.get('.pixel').each(function (pixel) {\n    cy.wrap(pixel).click().should('have.css', 'background-color', backgroundColor);\n  });\n});",
              "err": {
                "message": "CypressError: Timed out retrying: cy.click() failed because this element:\n\n<div class=\"pixel\"></div>\n\nis being covered by another element:\n\n<div class=\"coluna3\">...</div>\n\nFix this problem, or use {force: true} to disable error checking.\n\nhttps://on.cypress.io/element-cannot-be-interacted-with",
                "estack": "CypressError: Timed out retrying: cy.click() failed because this element:\n\n<div class=\"pixel\"></div>\n\nis being covered by another element:\n\n<div class=\"coluna3\">...</div>\n\nFix this problem, or use {force: true} to disable error checking.\n\nhttps://on.cypress.io/element-cannot-be-interacted-with\n    at cypressErr (http://localhost:37359/__cypress/runner/cypress_runner.js:149934:9)\n    at throwErr (http://localhost:37359/__cypress/runner/cypress_runner.js:149867:11)\n    at Object.throwErrByPath (http://localhost:37359/__cypress/runner/cypress_runner.js:149915:3)\n    at Object.retry (http://localhost:37359/__cypress/runner/cypress_runner.js:144197:19)\n    at retryActionability (http://localhost:37359/__cypress/runner/cypress_runner.js:132052:19)\n    at tryCatcher (http://localhost:37359/__cypress/runner/cypress_runner.js:167415:23)\n    at Function.Promise.attempt.Promise.try (http://localhost:37359/__cypress/runner/cypress_runner.js:164690:29)\n    at tryFn (http://localhost:37359/__cypress/runner/cypress_runner.js:144661:21)\n    at whenStable (http://localhost:37359/__cypress/runner/cypress_runner.js:144696:12)\n    at http://localhost:37359/__cypress/runner/cypress_runner.js:144240:16\n    at tryCatcher (http://localhost:37359/__cypress/runner/cypress_runner.js:167415:23)\n    at Promise._settlePromiseFromHandler (http://localhost:37359/__cypress/runner/cypress_runner.js:165351:31)\n    at Promise._settlePromise (http://localhost:37359/__cypress/runner/cypress_runner.js:165408:18)\n    at Promise._settlePromise0 (http://localhost:37359/__cypress/runner/cypress_runner.js:165453:10)\n    at Promise._settlePromises (http://localhost:37359/__cypress/runner/cypress_runner.js:165532:18)\n    at Promise._fulfill (http://localhost:37359/__cypress/runner/cypress_runner.js:165477:18)",
                "diff": null
              },
              "uuid": "d53efe68-0137-46db-bde9-b122eeaaa0c7",
              "parentUUID": "67be6268-38cf-47bc-8126-49107b4b547a",
              "isHook": false,
              "skipped": false
            },
            {
              "title": "Verifica se somente o pixel que foi clicado foi preenchido com a cor selecionada, sem influenciar na cor dos demais pixels.",
              "fullTitle": "8 - Crie uma função que permita preencher um pixel do quadro com a cor selecionada na paleta de cores Verifica se somente o pixel que foi clicado foi preenchido com a cor selecionada, sem influenciar na cor dos demais pixels.",
              "timedOut": null,
              "duration": 4336,
              "state": "failed",
              "speed": null,
              "pass": false,
              "fail": true,
              "pending": false,
              "context": null,
              "code": "var colorToPixelIndexMap = {\n  0: 6,\n  1: 8,\n  2: 16,\n  3: 18\n};\ncy.get('.color').each(function (color, index) {\n  cy.wrap(color).click();\n  var backgroundColor = color.css('background-color');\n  var clickedPixelIndex = colorToPixelIndexMap[index];\n  cy.get('.pixel').eq(clickedPixelIndex).click();\n  cy.get('.pixel').eq(clickedPixelIndex - 1).should('not.have.css', 'background-color', backgroundColor);\n  cy.get('.pixel').eq(clickedPixelIndex + 1).should('not.have.css', 'background-color', backgroundColor);\n  cy.get('.pixel').eq(clickedPixelIndex - 5).should('not.have.css', 'background-color', backgroundColor);\n  cy.get('.pixel').eq(clickedPixelIndex + 5).should('not.have.css', 'background-color', backgroundColor);\n  cy.get('.pixel').eq(clickedPixelIndex - 6).should('not.have.css', 'background-color', backgroundColor);\n  cy.get('.pixel').eq(clickedPixelIndex - 4).should('not.have.css', 'background-color', backgroundColor);\n  cy.get('.pixel').eq(clickedPixelIndex + 4).should('not.have.css', 'background-color', backgroundColor);\n  cy.get('.pixel').eq(clickedPixelIndex + 6).should('not.have.css', 'background-color', backgroundColor);\n});",
              "err": {
                "message": "CypressError: Timed out retrying: cy.click() failed because this element:\n\n<div class=\"pixel\"></div>\n\nis being covered by another element:\n\n<div class=\"coluna3\">...</div>\n\nFix this problem, or use {force: true} to disable error checking.\n\nhttps://on.cypress.io/element-cannot-be-interacted-with",
                "estack": "CypressError: Timed out retrying: cy.click() failed because this element:\n\n<div class=\"pixel\"></div>\n\nis being covered by another element:\n\n<div class=\"coluna3\">...</div>\n\nFix this problem, or use {force: true} to disable error checking.\n\nhttps://on.cypress.io/element-cannot-be-interacted-with\n    at cypressErr (http://localhost:37359/__cypress/runner/cypress_runner.js:149934:9)\n    at throwErr (http://localhost:37359/__cypress/runner/cypress_runner.js:149867:11)\n    at Object.throwErrByPath (http://localhost:37359/__cypress/runner/cypress_runner.js:149915:3)\n    at Object.retry (http://localhost:37359/__cypress/runner/cypress_runner.js:144197:19)\n    at retryActionability (http://localhost:37359/__cypress/runner/cypress_runner.js:132052:19)\n    at tryCatcher (http://localhost:37359/__cypress/runner/cypress_runner.js:167415:23)\n    at Function.Promise.attempt.Promise.try (http://localhost:37359/__cypress/runner/cypress_runner.js:164690:29)\n    at tryFn (http://localhost:37359/__cypress/runner/cypress_runner.js:144661:21)\n    at whenStable (http://localhost:37359/__cypress/runner/cypress_runner.js:144696:12)\n    at http://localhost:37359/__cypress/runner/cypress_runner.js:144240:16\n    at tryCatcher (http://localhost:37359/__cypress/runner/cypress_runner.js:167415:23)\n    at Promise._settlePromiseFromHandler (http://localhost:37359/__cypress/runner/cypress_runner.js:165351:31)\n    at Promise._settlePromise (http://localhost:37359/__cypress/runner/cypress_runner.js:165408:18)\n    at Promise._settlePromise0 (http://localhost:37359/__cypress/runner/cypress_runner.js:165453:10)\n    at Promise._settlePromises (http://localhost:37359/__cypress/runner/cypress_runner.js:165532:18)\n    at Promise._fulfill (http://localhost:37359/__cypress/runner/cypress_runner.js:165477:18)",
                "diff": null
              },
              "uuid": "1bb17788-9c1e-4538-b579-6c23739a2fa3",
              "parentUUID": "67be6268-38cf-47bc-8126-49107b4b547a",
              "isHook": false,
              "skipped": false
            }
          ],
          "suites": [],
          "passes": [],
          "failures": [
            "f0023593-2502-40a0-bb02-ee7bd39e6afc",
            "d53efe68-0137-46db-bde9-b122eeaaa0c7",
            "1bb17788-9c1e-4538-b579-6c23739a2fa3"
          ],
          "pending": [],
          "skipped": [],
          "duration": 12924,
          "root": false,
          "rootEmpty": false,
          "_timeout": 2000
        },
        {
          "uuid": "6a39a31c-a831-40dc-82c2-2b58ba4d6e82",
          "title": "9 - Crie um botão que, ao ser clicado, limpa o quadro preenchendo a cor de todos seus pixels com branco",
          "fullFile": "",
          "file": "",
          "beforeHooks": [],
          "afterHooks": [],
          "tests": [
            {
              "title": "Verifica se o botão tem o `id` denominado `clear-board`",
              "fullTitle": "9 - Crie um botão que, ao ser clicado, limpa o quadro preenchendo a cor de todos seus pixels com branco Verifica se o botão tem o `id` denominado `clear-board`",
              "timedOut": null,
              "duration": 4186,
              "state": "failed",
              "speed": null,
              "pass": false,
              "fail": true,
              "pending": false,
              "context": null,
              "code": "cy.get('#clear-board').should('be.visible');",
              "err": {
                "message": "CypressError: Timed out retrying: Expected to find element: '#clear-board', but never found it.",
                "estack": "CypressError: Timed out retrying: Expected to find element: '#clear-board', but never found it.\n    at cypressErr (http://localhost:37359/__cypress/runner/cypress_runner.js:149934:9)\n    at throwErr (http://localhost:37359/__cypress/runner/cypress_runner.js:149867:11)\n    at Object.throwErrByPath (http://localhost:37359/__cypress/runner/cypress_runner.js:149915:3)\n    at retry (http://localhost:37359/__cypress/runner/cypress_runner.js:144197:19)\n    at onFailFn (http://localhost:37359/__cypress/runner/cypress_runner.js:132448:16)\n    at tryCatcher (http://localhost:37359/__cypress/runner/cypress_runner.js:167415:23)\n    at Promise._settlePromiseFromHandler (http://localhost:37359/__cypress/runner/cypress_runner.js:165351:31)\n    at Promise._settlePromise (http://localhost:37359/__cypress/runner/cypress_runner.js:165408:18)\n    at Promise._settlePromise0 (http://localhost:37359/__cypress/runner/cypress_runner.js:165453:10)\n    at Promise._settlePromises (http://localhost:37359/__cypress/runner/cypress_runner.js:165528:18)\n    at Async../node_modules/bluebird/js/release/async.js.Async._drainQueue (http://localhost:37359/__cypress/runner/cypress_runner.js:162140:16)\n    at Async../node_modules/bluebird/js/release/async.js.Async._drainQueues (http://localhost:37359/__cypress/runner/cypress_runner.js:162150:10)\n    at Async.drainQueues (http://localhost:37359/__cypress/runner/cypress_runner.js:162024:14)",
                "diff": null
              },
              "uuid": "425cd419-e677-4a07-add0-e2aca9cf7d9d",
              "parentUUID": "6a39a31c-a831-40dc-82c2-2b58ba4d6e82",
              "isHook": false,
              "skipped": false
            },
            {
              "title": "Verifica se o botão está posicionado entre a paleta de cores e o quadro de pixels",
              "fullTitle": "9 - Crie um botão que, ao ser clicado, limpa o quadro preenchendo a cor de todos seus pixels com branco Verifica se o botão está posicionado entre a paleta de cores e o quadro de pixels",
              "timedOut": null,
              "duration": 4183,
              "state": "failed",
              "speed": null,
              "pass": false,
              "fail": true,
              "pending": false,
              "context": null,
              "code": "cy.get('#color-palette').then(function (palette) {\n  cy.get('#clear-board').should('be.belowOf', palette);\n});\ncy.get('#clear-board').then(function (clearBtn) {\n  cy.get('#pixel-board').should('be.belowOf', clearBtn);\n});",
              "err": {
                "message": "CypressError: Timed out retrying: Expected to find element: '#clear-board', but never found it.",
                "estack": "CypressError: Timed out retrying: Expected to find element: '#clear-board', but never found it.\n    at cypressErr (http://localhost:37359/__cypress/runner/cypress_runner.js:149934:9)\n    at throwErr (http://localhost:37359/__cypress/runner/cypress_runner.js:149867:11)\n    at Object.throwErrByPath (http://localhost:37359/__cypress/runner/cypress_runner.js:149915:3)\n    at retry (http://localhost:37359/__cypress/runner/cypress_runner.js:144197:19)\n    at onFailFn (http://localhost:37359/__cypress/runner/cypress_runner.js:132448:16)\n    at tryCatcher (http://localhost:37359/__cypress/runner/cypress_runner.js:167415:23)\n    at Promise._settlePromiseFromHandler (http://localhost:37359/__cypress/runner/cypress_runner.js:165351:31)\n    at Promise._settlePromise (http://localhost:37359/__cypress/runner/cypress_runner.js:165408:18)\n    at Promise._settlePromise0 (http://localhost:37359/__cypress/runner/cypress_runner.js:165453:10)\n    at Promise._settlePromises (http://localhost:37359/__cypress/runner/cypress_runner.js:165528:18)\n    at Async../node_modules/bluebird/js/release/async.js.Async._drainQueue (http://localhost:37359/__cypress/runner/cypress_runner.js:162140:16)\n    at Async../node_modules/bluebird/js/release/async.js.Async._drainQueues (http://localhost:37359/__cypress/runner/cypress_runner.js:162150:10)\n    at Async.drainQueues (http://localhost:37359/__cypress/runner/cypress_runner.js:162024:14)",
                "diff": null
              },
              "uuid": "3a6e20a2-108f-4f5d-83d5-275dbacb8ff6",
              "parentUUID": "6a39a31c-a831-40dc-82c2-2b58ba4d6e82",
              "isHook": false,
              "skipped": false
            },
            {
              "title": "Verifica se o texto do botão é 'Limpar'",
              "fullTitle": "9 - Crie um botão que, ao ser clicado, limpa o quadro preenchendo a cor de todos seus pixels com branco Verifica se o texto do botão é 'Limpar'",
              "timedOut": null,
              "duration": 4203,
              "state": "failed",
              "speed": null,
              "pass": false,
              "fail": true,
              "pending": false,
              "context": null,
              "code": "cy.get('#clear-board').should('contain.text', 'Limpar');",
              "err": {
                "message": "CypressError: Timed out retrying: Expected to find element: '#clear-board', but never found it.",
                "estack": "CypressError: Timed out retrying: Expected to find element: '#clear-board', but never found it.\n    at cypressErr (http://localhost:37359/__cypress/runner/cypress_runner.js:149934:9)\n    at throwErr (http://localhost:37359/__cypress/runner/cypress_runner.js:149867:11)\n    at Object.throwErrByPath (http://localhost:37359/__cypress/runner/cypress_runner.js:149915:3)\n    at retry (http://localhost:37359/__cypress/runner/cypress_runner.js:144197:19)\n    at onFailFn (http://localhost:37359/__cypress/runner/cypress_runner.js:132448:16)\n    at tryCatcher (http://localhost:37359/__cypress/runner/cypress_runner.js:167415:23)\n    at Promise._settlePromiseFromHandler (http://localhost:37359/__cypress/runner/cypress_runner.js:165351:31)\n    at Promise._settlePromise (http://localhost:37359/__cypress/runner/cypress_runner.js:165408:18)\n    at Promise._settlePromise0 (http://localhost:37359/__cypress/runner/cypress_runner.js:165453:10)\n    at Promise._settlePromises (http://localhost:37359/__cypress/runner/cypress_runner.js:165528:18)\n    at Async../node_modules/bluebird/js/release/async.js.Async._drainQueue (http://localhost:37359/__cypress/runner/cypress_runner.js:162140:16)\n    at Async../node_modules/bluebird/js/release/async.js.Async._drainQueues (http://localhost:37359/__cypress/runner/cypress_runner.js:162150:10)\n    at Async.drainQueues (http://localhost:37359/__cypress/runner/cypress_runner.js:162024:14)",
                "diff": null
              },
              "uuid": "4ded5ee2-6d51-48af-bbc9-e68a1d60312c",
              "parentUUID": "6a39a31c-a831-40dc-82c2-2b58ba4d6e82",
              "isHook": false,
              "skipped": false
            },
            {
              "title": "Verifica se ao clicar no botão, o quadro de pixels é totalmente preenchido de branco",
              "fullTitle": "9 - Crie um botão que, ao ser clicado, limpa o quadro preenchendo a cor de todos seus pixels com branco Verifica se ao clicar no botão, o quadro de pixels é totalmente preenchido de branco",
              "timedOut": null,
              "duration": 4341,
              "state": "failed",
              "speed": null,
              "pass": false,
              "fail": true,
              "pending": false,
              "context": null,
              "code": "cy.get('.color').eq(1).then(function (color) {\n  var backgroundColor = color.css('background-color');\n  cy.wrap(color).click();\n  cy.get('.pixel').each(function (pixel) {\n    cy.wrap(pixel).click().should('have.css', 'background-color', backgroundColor);\n  });\n});\ncy.get('#clear-board').click();\ncy.get('.pixel').each(function (pixel) {\n  cy.wrap(pixel).should('have.css', 'background-color', WHITE);\n});",
              "err": {
                "message": "CypressError: Timed out retrying: cy.click() failed because this element:\n\n<div class=\"pixel\"></div>\n\nis being covered by another element:\n\n<div class=\"coluna3\">...</div>\n\nFix this problem, or use {force: true} to disable error checking.\n\nhttps://on.cypress.io/element-cannot-be-interacted-with",
                "estack": "CypressError: Timed out retrying: cy.click() failed because this element:\n\n<div class=\"pixel\"></div>\n\nis being covered by another element:\n\n<div class=\"coluna3\">...</div>\n\nFix this problem, or use {force: true} to disable error checking.\n\nhttps://on.cypress.io/element-cannot-be-interacted-with\n    at cypressErr (http://localhost:37359/__cypress/runner/cypress_runner.js:149934:9)\n    at throwErr (http://localhost:37359/__cypress/runner/cypress_runner.js:149867:11)\n    at Object.throwErrByPath (http://localhost:37359/__cypress/runner/cypress_runner.js:149915:3)\n    at Object.retry (http://localhost:37359/__cypress/runner/cypress_runner.js:144197:19)\n    at retryActionability (http://localhost:37359/__cypress/runner/cypress_runner.js:132052:19)\n    at tryCatcher (http://localhost:37359/__cypress/runner/cypress_runner.js:167415:23)\n    at Function.Promise.attempt.Promise.try (http://localhost:37359/__cypress/runner/cypress_runner.js:164690:29)\n    at tryFn (http://localhost:37359/__cypress/runner/cypress_runner.js:144661:21)\n    at whenStable (http://localhost:37359/__cypress/runner/cypress_runner.js:144696:12)\n    at http://localhost:37359/__cypress/runner/cypress_runner.js:144240:16\n    at tryCatcher (http://localhost:37359/__cypress/runner/cypress_runner.js:167415:23)\n    at Promise._settlePromiseFromHandler (http://localhost:37359/__cypress/runner/cypress_runner.js:165351:31)\n    at Promise._settlePromise (http://localhost:37359/__cypress/runner/cypress_runner.js:165408:18)\n    at Promise._settlePromise0 (http://localhost:37359/__cypress/runner/cypress_runner.js:165453:10)\n    at Promise._settlePromises (http://localhost:37359/__cypress/runner/cypress_runner.js:165532:18)\n    at Promise._fulfill (http://localhost:37359/__cypress/runner/cypress_runner.js:165477:18)",
                "diff": null
              },
              "uuid": "46277568-b7cb-4a4e-a00a-c339c7db5b63",
              "parentUUID": "6a39a31c-a831-40dc-82c2-2b58ba4d6e82",
              "isHook": false,
              "skipped": false
            }
          ],
          "suites": [],
          "passes": [],
          "failures": [
            "425cd419-e677-4a07-add0-e2aca9cf7d9d",
            "3a6e20a2-108f-4f5d-83d5-275dbacb8ff6",
            "4ded5ee2-6d51-48af-bbc9-e68a1d60312c",
            "46277568-b7cb-4a4e-a00a-c339c7db5b63"
          ],
          "pending": [],
          "skipped": [],
          "duration": 16913,
          "root": false,
          "rootEmpty": false,
          "_timeout": 2000
        },
        {
          "uuid": "6aaaafc5-4963-4dc4-8b6b-7eb788390b03",
          "title": "10 - Crie um input que permita à pessoa usuária preencher um novo tamanho para o quadro de pixels",
          "fullFile": "",
          "file": "",
          "beforeHooks": [],
          "afterHooks": [],
          "tests": [
            {
              "title": "Verifica se existe um input com o id `board-size`",
              "fullTitle": "10 - Crie um input que permita à pessoa usuária preencher um novo tamanho para o quadro de pixels Verifica se existe um input com o id `board-size`",
              "timedOut": null,
              "duration": 4216,
              "state": "failed",
              "speed": null,
              "pass": false,
              "fail": true,
              "pending": false,
              "context": null,
              "code": "cy.get('#board-size').should('be.visible');",
              "err": {
                "message": "CypressError: Timed out retrying: Expected to find element: '#board-size', but never found it.",
                "estack": "CypressError: Timed out retrying: Expected to find element: '#board-size', but never found it.\n    at cypressErr (http://localhost:37359/__cypress/runner/cypress_runner.js:149934:9)\n    at throwErr (http://localhost:37359/__cypress/runner/cypress_runner.js:149867:11)\n    at Object.throwErrByPath (http://localhost:37359/__cypress/runner/cypress_runner.js:149915:3)\n    at retry (http://localhost:37359/__cypress/runner/cypress_runner.js:144197:19)\n    at onFailFn (http://localhost:37359/__cypress/runner/cypress_runner.js:132448:16)\n    at tryCatcher (http://localhost:37359/__cypress/runner/cypress_runner.js:167415:23)\n    at Promise._settlePromiseFromHandler (http://localhost:37359/__cypress/runner/cypress_runner.js:165351:31)\n    at Promise._settlePromise (http://localhost:37359/__cypress/runner/cypress_runner.js:165408:18)\n    at Promise._settlePromise0 (http://localhost:37359/__cypress/runner/cypress_runner.js:165453:10)\n    at Promise._settlePromises (http://localhost:37359/__cypress/runner/cypress_runner.js:165528:18)\n    at Async../node_modules/bluebird/js/release/async.js.Async._drainQueue (http://localhost:37359/__cypress/runner/cypress_runner.js:162140:16)\n    at Async../node_modules/bluebird/js/release/async.js.Async._drainQueues (http://localhost:37359/__cypress/runner/cypress_runner.js:162150:10)\n    at Async.drainQueues (http://localhost:37359/__cypress/runner/cypress_runner.js:162024:14)",
                "diff": null
              },
              "uuid": "bbfc7a37-8cce-44b7-876e-31527e3238af",
              "parentUUID": "6aaaafc5-4963-4dc4-8b6b-7eb788390b03",
              "isHook": false,
              "skipped": false
            },
            {
              "title": "Verifica se existe um botão com o id `generate-board`",
              "fullTitle": "10 - Crie um input que permita à pessoa usuária preencher um novo tamanho para o quadro de pixels Verifica se existe um botão com o id `generate-board`",
              "timedOut": null,
              "duration": 4181,
              "state": "failed",
              "speed": null,
              "pass": false,
              "fail": true,
              "pending": false,
              "context": null,
              "code": "cy.get('#generate-board').should('be.visible');",
              "err": {
                "message": "CypressError: Timed out retrying: Expected to find element: '#generate-board', but never found it.",
                "estack": "CypressError: Timed out retrying: Expected to find element: '#generate-board', but never found it.\n    at cypressErr (http://localhost:37359/__cypress/runner/cypress_runner.js:149934:9)\n    at throwErr (http://localhost:37359/__cypress/runner/cypress_runner.js:149867:11)\n    at Object.throwErrByPath (http://localhost:37359/__cypress/runner/cypress_runner.js:149915:3)\n    at retry (http://localhost:37359/__cypress/runner/cypress_runner.js:144197:19)\n    at onFailFn (http://localhost:37359/__cypress/runner/cypress_runner.js:132448:16)\n    at tryCatcher (http://localhost:37359/__cypress/runner/cypress_runner.js:167415:23)\n    at Promise._settlePromiseFromHandler (http://localhost:37359/__cypress/runner/cypress_runner.js:165351:31)\n    at Promise._settlePromise (http://localhost:37359/__cypress/runner/cypress_runner.js:165408:18)\n    at Promise._settlePromise0 (http://localhost:37359/__cypress/runner/cypress_runner.js:165453:10)\n    at Promise._settlePromises (http://localhost:37359/__cypress/runner/cypress_runner.js:165528:18)\n    at Async../node_modules/bluebird/js/release/async.js.Async._drainQueue (http://localhost:37359/__cypress/runner/cypress_runner.js:162140:16)\n    at Async../node_modules/bluebird/js/release/async.js.Async._drainQueues (http://localhost:37359/__cypress/runner/cypress_runner.js:162150:10)\n    at Async.drainQueues (http://localhost:37359/__cypress/runner/cypress_runner.js:162024:14)",
                "diff": null
              },
              "uuid": "634a2875-355f-484d-82f3-f0e7a91641e1",
              "parentUUID": "6aaaafc5-4963-4dc4-8b6b-7eb788390b03",
              "isHook": false,
              "skipped": false
            },
            {
              "title": "Verifica se o input só aceita número maiores que zero. Essa restrição deve ser feita usando os atributos do elemento `input`",
              "fullTitle": "10 - Crie um input que permita à pessoa usuária preencher um novo tamanho para o quadro de pixels Verifica se o input só aceita número maiores que zero. Essa restrição deve ser feita usando os atributos do elemento `input`",
              "timedOut": null,
              "duration": 4181,
              "state": "failed",
              "speed": null,
              "pass": false,
              "fail": true,
              "pending": false,
              "context": null,
              "code": "cy.get('#board-size[type=\\'number\\'][min=\\'1\\']');",
              "err": {
                "message": "CypressError: Timed out retrying: Expected to find element: '#board-size[type='number'][min='1']', but never found it.",
[...]
                "diff": null
              },
              "uuid": "c48bd7a1-5e2a-4541-9df5-b58946aa84e9",
              "parentUUID": "6aaaafc5-4963-4dc4-8b6b-7eb788390b03",
              "isHook": false,
              "skipped": false
            },
            {
              "title": "Verifica se o novo quadro tem todos os pixels preenchidos com a cor branca",
              "fullTitle": "10 - Crie um input que permita à pessoa usuária preencher um novo tamanho para o quadro de pixels Verifica se o novo quadro tem todos os pixels preenchidos com a cor branca",
              "timedOut": null,
              "duration": 4191,
              "state": "failed",
              "speed": null,
              "pass": false,
              "fail": true,
              "pending": false,
              "context": null,
              "code": "cy.get('#board-size').clear().type(6);\ncy.get('#generate-board').click();\ncy.get('.pixel').should('have.length', 36).each(function (pixel) {\n  expect(pixel).to.have.css('background-color', WHITE);\n});",
              "err": {
                "message": "CypressError: Timed out retrying: Expected to find element: '#board-size', but never found it.",
                "estack": "CypressError: Timed out retrying: Expected to find element: '#board-size', but never found it.\n    at cypressErr (http://localhost:37359/__cypress/runner/cypress_runner.js:149934:9)\n    at throwErr (http://localhost:37359/__cypress/runner/cypress_runner.js:149867:11)\n    at Object.throwErrByPath (http://localhost:37359/__cypress/runner/cypress_runner.js:149915:3)\n    at retry (http://localhost:37359/__cypress/runner/cypress_runner.js:144197:19)\n    at onFailFn (http://localhost:37359/__cypress/runner/cypress_runner.js:132448:16)\n    at tryCatcher (http://localhost:37359/__cypress/runner/cypress_runner.js:167415:23)\n    at Promise._settlePromiseFromHandler (http://localhost:37359/__cypress/runner/cypress_runner.js:165351:31)\n    at Promise._settlePromise (http://localhost:37359/__cypress/runner/cypress_runner.js:165408:18)\n    at Promise._settlePromise0 (http://localhost:37359/__cypress/runner/cypress_runner.js:165453:10)\n    at Promise._settlePromises (http://localhost:37359/__cypress/runner/cypress_runner.js:165528:18)\n    at Async../node_modules/bluebird/js/release/async.js.Async._drainQueue (http://localhost:37359/__cypress/runner/cypress_runner.js:162140:16)\n    at Async../node_modules/bluebird/js/release/async.js.Async._drainQueues (http://localhost:37359/__cypress/runner/cypress_runner.js:162150:10)\n    at Async.drainQueues (http://localhost:37359/__cypress/runner/cypress_runner.js:162024:14)",
                "diff": null
              },
              "uuid": "b23ab245-be0a-4651-843f-5f8b0c6b5a92",
              "parentUUID": "6aaaafc5-4963-4dc4-8b6b-7eb788390b03",
              "isHook": false,
              "skipped": false
            }
          ],
          "suites": [],
          "passes": [],
          "failures": [
            "bbfc7a37-8cce-44b7-876e-31527e3238af",
            "634a2875-355f-484d-82f3-f0e7a91641e1",
            "aa498d41-9a76-4c68-b08c-9e61fc95243a",
            "961561fb-6eef-4ed3-9e09-e46b4b6e85eb",
            "7599eb59-7b4b-4eba-b58e-8c59c75d9ca3",
            "4291b4ee-2ff0-4e1a-a3c7-5701eb48a6ae",
            "84989fcb-08ab-496b-a713-838bd30f8713",
            "c48bd7a1-5e2a-4541-9df5-b58946aa84e9",
            "b23ab245-be0a-4651-843f-5f8b0c6b5a92"
          ],
          "pending": [],
          "skipped": [],
          "duration": 37705,
          "root": false,
          "rootEmpty": false,
          "_timeout": 2000
        },
        {
          "uuid": "049dee85-13ee-47c1-a67d-f0b61f49106f",
          "title": "11 - Crie uma função que limite o tamanho mínimo e máximo do quadro de pixels",
          "fullFile": "",
          "file": "",
          "beforeHooks": [],
          "afterHooks": [],
          "tests": [
            {
              "title": "Verifica se a altura máxima do board é 50",
              "fullTitle": "11 - Crie uma função que limite o tamanho mínimo e máximo do quadro de pixels Verifica se a altura máxima do board é 50",
              "timedOut": null,
              "duration": 4197,
              "state": "failed",
              "speed": null,
              "pass": false,
              "fail": true,
              "pending": false,
              "context": null,
              "code": "cy.get('#board-size').clear().type(50);\ncy.get('#generate-board').click();\ncy.get('.pixel').should('have.length', 2500);",
              "err": {
                "message": "CypressError: Timed out retrying: Expected to find element: '#board-size', but never found it.",
                "estack": "CypressError: Timed out retrying: Expected to find element: '#board-size', but never found it.\n    at cypressErr (http://localhost:37359/__cypress/runner/cypress_runner.js:149934:9)\n    at throwErr (http://localhost:37359/__cypress/runner/cypress_runner.js:149867:11)\n    at Object.throwErrByPath (http://localhost:37359/__cypress/runner/cypress_runner.js:149915:3)\n    at retry (http://localhost:37359/__cypress/runner/cypress_runner.js:144197:19)\n    at onFailFn (http://localhost:37359/__cypress/runner/cypress_runner.js:132448:16)\n    at tryCatcher (http://localhost:37359/__cypress/runner/cypress_runner.js:167415:23)\n    at Promise._settlePromiseFromHandler (http://localhost:37359/__cypress/runner/cypress_runner.js:165351:31)\n    at Promise._settlePromise (http://localhost:37359/__cypress/runner/cypress_runner.js:165408:18)\n    at Promise._settlePromise0 (http://localhost:37359/__cypress/runner/cypress_runner.js:165453:10)\n    at Promise._settlePromises (http://localhost:37359/__cypress/runner/cypress_runner.js:165528:18)\n    at Async../node_modules/bluebird/js/release/async.js.Async._drainQueue (http://localhost:37359/__cypress/runner/cypress_runner.js:162140:16)\n    at Async../node_modules/bluebird/js/release/async.js.Async._drainQueues (http://localhost:37359/__cypress/runner/cypress_runner.js:162150:10)\n    at Async.drainQueues (http://localhost:37359/__cypress/runner/cypress_runner.js:162024:14)",
                "diff": null
              },
              "uuid": "c4f8319e-650c-484a-bb2f-eb7d515d50e7",
              "parentUUID": "049dee85-13ee-47c1-a67d-f0b61f49106f",
              "isHook": false,
              "skipped": false
            },
            {
              "title": "Verifica se a altura do board é 5 quando um valor menor é colocado no input",
              "fullTitle": "11 - Crie uma função que limite o tamanho mínimo e máximo do quadro de pixels Verifica se a altura do board é 5 quando um valor menor é colocado no input",
              "timedOut": null,
              "duration": 4179,
              "state": "failed",
              "speed": null,
              "pass": false,
              "fail": true,
              "pending": false,
              "context": null,
              "code": "cy.get('#board-size').clear().type(4);\ncy.get('#generate-board').click();\ncy.get('.pixel').should('have.length', 25);",
              "err": {
                "message": "CypressError: Timed out retrying: Expected to find element: '#board-size', but never found it.",
                "estack": "CypressError: Timed out retrying: Expected to find element: '#board-size', but never found it.\n    at cypressErr (http://localhost:37359/__cypress/runner/cypress_runner.js:149934:9)\n    at throwErr (http://localhost:37359/__cypress/runner/cypress_runner.js:149867:11)\n    at Object.throwErrByPath (http://localhost:37359/__cypress/runner/cypress_runner.js:149915:3)\n    at retry (http://localhost:37359/__cypress/runner/cypress_runner.js:144197:19)\n    at onFailFn (http://localhost:37359/__cypress/runner/cypress_runner.js:132448:16)\n    at tryCatcher (http://localhost:37359/__cypress/runner/cypress_runner.js:167415:23)\n    at Promise._settlePromiseFromHandler (http://localhost:37359/__cypress/runner/cypress_runner.js:165351:31)\n    at Promise._settlePromise (http://localhost:37359/__cypress/runner/cypress_runner.js:165408:18)\n    at Promise._settlePromise0 (http://localhost:37359/__cypress/runner/cypress_runner.js:165453:10)\n    at Promise._settlePromises (http://localhost:37359/__cypress/runner/cypress_runner.js:165528:18)\n    at Async../node_modules/bluebird/js/release/async.js.Async._drainQueue (http://localhost:37359/__cypress/runner/cypress_runner.js:162140:16)\n    at Async../node_modules/bluebird/js/release/async.js.Async._drainQueues (http://localhost:37359/__cypress/runner/cypress_runner.js:162150:10)\n    at Async.drainQueues (http://localhost:37359/__cypress/runner/cypress_runner.js:162024:14)",
                "diff": null
              },
              "uuid": "1455d547-4809-45a4-b886-e09fa7946d83",
              "parentUUID": "049dee85-13ee-47c1-a67d-f0b61f49106f",
              "isHook": false,
              "skipped": false
            },
            {
              "title": "Verifica se a altura do board é 50 quando um valor maior é colocado no input",
              "fullTitle": "11 - Crie uma função que limite o tamanho mínimo e máximo do quadro de pixels Verifica se a altura do board é 50 quando um valor maior é colocado no input",
              "timedOut": null,
              "duration": 4193,
              "state": "failed",
              "speed": null,
              "pass": false,
              "fail": true,
              "pending": false,
              "context": null,
              "code": "cy.get('#board-size').clear().type(51);\ncy.get('#generate-board').click();\ncy.get('.pixel').should('have.length', 2500);",
              "err": {
                "message": "CypressError: Timed out retrying: Expected to find element: '#board-size', but never found it.",
                "estack": "CypressError: Timed out retrying: Expected to find element: '#board-size', but never found it.\n    at cypressErr (http://localhost:37359/__cypress/runner/cypress_runner.js:149934:9)\n    at throwErr (http://localhost:37359/__cypress/runner/cypress_runner.js:149867:11)\n    at Object.throwErrByPath (http://localhost:37359/__cypress/runner/cypress_runner.js:149915:3)\n    at retry (http://localhost:37359/__cypress/runner/cypress_runner.js:144197:19)\n    at onFailFn (http://localhost:37359/__cypress/runner/cypress_runner.js:132448:16)\n    at tryCatcher (http://localhost:37359/__cypress/runner/cypress_runner.js:167415:23)\n    at Promise._settlePromiseFromHandler (http://localhost:37359/__cypress/runner/cypress_runner.js:165351:31)\n    at Promise._settlePromise (http://localhost:37359/__cypress/runner/cypress_runner.js:165408:18)\n    at Promise._settlePromise0 (http://localhost:37359/__cypress/runner/cypress_runner.js:165453:10)\n    at Promise._settlePromises (http://localhost:37359/__cypress/runner/cypress_runner.js:165528:18)\n    at Async../node_modules/bluebird/js/release/async.js.Async._drainQueue (http://localhost:37359/__cypress/runner/cypress_runner.js:162140:16)\n    at Async../node_modules/bluebird/js/release/async.js.Async._drainQueues (http://localhost:37359/__cypress/runner/cypress_runner.js:162150:10)\n    at Async.drainQueues (http://localhost:37359/__cypress/runner/cypress_runner.js:162024:14)",
                "diff": null
              },
              "uuid": "4fec8eaf-d350-4209-9437-18cc57a5054a",
              "parentUUID": "049dee85-13ee-47c1-a67d-f0b61f49106f",
              "isHook": false,
              "skipped": false
            }
          ],
          "suites": [],
          "passes": [],
          "failures": [
            "c4f8319e-650c-484a-bb2f-eb7d515d50e7",
            "1455d547-4809-45a4-b886-e09fa7946d83",
            "4fec8eaf-d350-4209-9437-18cc57a5054a"
          ],
          "pending": [],
          "skipped": [],
          "duration": 12569,
          "root": false,
          "rootEmpty": false,
          "_timeout": 2000
        },
        {
          "uuid": "76d62bda-6b0f-4c27-9913-3de455641223",
          "title": "12 - Crie uma função para gerar as cores aleatoriamente ao carregar a página, com exceção da cor preta",
          "fullFile": "",
          "file": "",
          "beforeHooks": [],
          "afterHooks": [],
          "tests": [
            {
              "title": "Verifica se as cores geradas na paleta são diferentes a cada carregamento da página",
              "fullTitle": "12 - Crie uma função para gerar as cores aleatoriamente ao carregar a página, com exceção da cor preta Verifica se as cores geradas na paleta são diferentes a cada carregamento da página",
              "timedOut": null,
              "duration": 273,
              "state": "failed",
              "speed": null,
              "pass": false,
              "fail": true,
              "pending": false,
              "context": null,
              "code": "cy.get('.color').then(function (colors) {\n  var currentColors;\n  var previousColors;\n  previousColors = Array.from(colors).map(function (color) {\n    return Cypress.$(color).css('background-color');\n  });\n  for (var i = 0; i < 5; i += 1) {\n    cy.reload();\n    cy.get('.color').then(function (colors) {\n      currentColors = Array.from(colors).map(function (color) {\n        return Cypress.$(color).css('background-color');\n      });\n      expect(currentColors).not.to.deep.equal(previousColors);\n      previousColors = currentColors;\n    });\n  }\n});",
              "err": {
                "message": "AssertionError: expected [ Array(4) ] to not deeply equal [ Array(4) ]",
                "estack": "AssertionError: expected [ Array(4) ] to not deeply equal [ Array(4) ]\n    at getRet (http://localhost:37359/__cypress/runner/cypress_runner.js:136585:16)\n    at tryCatcher (http://localhost:37359/__cypress/runner/cypress_runner.js:167415:23)\n    at Function.Promise.attempt.Promise.try (http://localhost:37359/__cypress/runner/cypress_runner.js:164690:29)\n    at Context.thenFn (http://localhost:37359/__cypress/runner/cypress_runner.js:136599:23)\n    at Context.then (http://localhost:37359/__cypress/runner/cypress_runner.js:136971:21)\n    at Context.<anonymous> (http://localhost:37359/__cypress/runner/cypress_runner.js:148875:21)\n    at http://localhost:37359/__cypress/runner/cypress_runner.js:148351:33\n    at tryCatcher (http://localhost:37359/__cypress/runner/cypress_runner.js:167415:23)\n    at Promise._settlePromiseFromHandler (http://localhost:37359/__cypress/runner/cypress_runner.js:165351:31)\n    at Promise._settlePromise (http://localhost:37359/__cypress/runner/cypress_runner.js:165408:18)\n    at Promise._settlePromiseCtx (http://localhost:37359/__cypress/runner/cypress_runner.js:165445:10)\n    at Async../node_modules/bluebird/js/release/async.js.Async._drainQueue (http://localhost:37359/__cypress/runner/cypress_runner.js:162145:12)\n    at Async../node_modules/bluebird/js/release/async.js.Async._drainQueues (http://localhost:37359/__cypress/runner/cypress_runner.js:162150:10)\n    at Async.drainQueues (http://localhost:37359/__cypress/runner/cypress_runner.js:162024:14)",
                "diff": ""
              },
              "uuid": "82775585-326c-4032-bb1a-4efd8b97dacc",
              "parentUUID": "76d62bda-6b0f-4c27-9913-3de455641223",
              "isHook": false,
              "skipped": false
            },
            {
              "title": "Verifica se a cor preta ainda está presente e é a primeira na sua paleta de cores",
              "fullTitle": "12 - Crie uma função para gerar as cores aleatoriamente ao carregar a página, com exceção da cor preta Verifica se a cor preta ainda está presente e é a primeira na sua paleta de cores",
              "timedOut": null,
              "duration": 273,
              "state": "failed",
              "speed": null,
              "pass": false,
              "fail": true,
              "pending": false,
              "context": null,
              "code": "cy.get('.color').then(function (colors) {\n  var currentColors;\n  var previousColors;\n  previousColors = Array.from(colors).map(function (color) {\n    return Cypress.$(color).css('background-color');\n  });\n  expect(previousColors[0]).to.eq(BLACK);\n  for (var i = 0; i < 5; i += 1) {\n    cy.reload();\n    cy.get('.color').then(function (colors) {\n      currentColors = Array.from(colors).map(function (color) {\n        return Cypress.$(color).css('background-color');\n      });\n      expect(currentColors[0]).to.eq(BLACK);\n      expect(currentColors).not.to.deep.equal(previousColors);\n      previousColors = currentColors;\n    });\n  }\n});",
              "err": {
                "message": "AssertionError: expected [ Array(4) ] to not deeply equal [ Array(4) ]",
                "estack": "AssertionError: expected [ Array(4) ] to not deeply equal [ Array(4) ]\n    at getRet (http://localhost:37359/__cypress/runner/cypress_runner.js:136585:16)\n    at tryCatcher (http://localhost:37359/__cypress/runner/cypress_runner.js:167415:23)\n    at Function.Promise.attempt.Promise.try (http://localhost:37359/__cypress/runner/cypress_runner.js:164690:29)\n    at Context.thenFn (http://localhost:37359/__cypress/runner/cypress_runner.js:136599:23)\n    at Context.then (http://localhost:37359/__cypress/runner/cypress_runner.js:136971:21)\n    at Context.<anonymous> (http://localhost:37359/__cypress/runner/cypress_runner.js:148875:21)\n    at http://localhost:37359/__cypress/runner/cypress_runner.js:148351:33\n    at tryCatcher (http://localhost:37359/__cypress/runner/cypress_runner.js:167415:23)\n    at Promise._settlePromiseFromHandler (http://localhost:37359/__cypress/runner/cypress_runner.js:165351:31)\n    at Promise._settlePromise (http://localhost:37359/__cypress/runner/cypress_runner.js:165408:18)\n    at Promise._settlePromiseCtx (http://localhost:37359/__cypress/runner/cypress_runner.js:165445:10)\n    at Async../node_modules/bluebird/js/release/async.js.Async._drainQueue (http://localhost:37359/__cypress/runner/cypress_runner.js:162145:12)\n    at Async../node_modules/bluebird/js/release/async.js.Async._drainQueues (http://localhost:37359/__cypress/runner/cypress_runner.js:162150:10)\n    at Async.drainQueues (http://localhost:37359/__cypress/runner/cypress_runner.js:162024:14)",
                "diff": ""
              },
              "uuid": "065cb671-0368-47a4-a9fe-cab75e5d8b6f",
              "parentUUID": "76d62bda-6b0f-4c27-9913-3de455641223",
              "isHook": false,
              "skipped": false
            }
          ],
          "suites": [],
          "passes": [],
          "failures": [
            "82775585-326c-4032-bb1a-4efd8b97dacc",
            "065cb671-0368-47a4-a9fe-cab75e5d8b6f"
          ],
          "pending": [],
          "skipped": [],
          "duration": 546,
          "root": false,
          "rootEmpty": false,
          "_timeout": 2000
        }
      ],
      "passes": [],
      "failures": [],
      "pending": [],
      "skipped": [],
      "duration": 0,
      "root": true,
      "rootEmpty": true,
      "_timeout": 2000
    }
  ],
  "meta": {
    "mocha": {
      "version": "7.0.1"
    },
    "mochawesome": {
      "options": {
        "quiet": false,
        "reportFilename": "mochawesome",
        "saveHtml": false,
        "saveJson": true,
        "consoleReporter": "spec",
        "useInlineDiffs": false
      },
      "version": "4.1.0"
    },
    "marge": {
      "options": {
        "id": "default",
        "reportDir": "cypress/reports",
        "overwrite": true,
        "html": false,
        "json": true
      },
      "version": "4.1.0"
    }
  }
}